This file contains any messages produced by compilers while
running configure, to aid debugging if configure makes a mistake.

It was created by configure, which was
generated by GNU Autoconf 2.64.  Invocation command line was

  $ ./configure 

## --------- ##
## Platform. ##
## --------- ##

hostname = Dell-Inspiron-1750
uname -m = i686
uname -r = 4.15.0-29-lowlatency
uname -s = Linux
uname -v = #31-Ubuntu SMP PREEMPT Tue Jul 17 17:41:53 UTC 2018

/usr/bin/uname -p = unknown
/bin/uname -X     = unknown

/bin/arch              = unknown
/usr/bin/arch -k       = unknown
/usr/convex/getsysinfo = unknown
/usr/bin/hostinfo      = unknown
/bin/machine           = unknown
/usr/bin/oslevel       = unknown
/bin/universe          = unknown

PATH: /usr/local/sbin
PATH: /usr/local/bin
PATH: /usr/sbin
PATH: /usr/bin
PATH: /sbin
PATH: /bin
PATH: /usr/games
PATH: /usr/local/games


## ----------- ##
## Core tests. ##
## ----------- ##

configure:2388: checking for a BSD-compatible install
configure:2456: result: /usr/bin/install -c
configure:2467: checking whether build environment is sane
configure:2517: result: yes
configure:2658: checking for a thread-safe mkdir -p
configure:2697: result: /bin/mkdir -p
configure:2710: checking for gawk
configure:2726: found /usr/bin/gawk
configure:2737: result: gawk
configure:2748: checking whether make sets $(MAKE)
configure:2770: result: yes
configure:2901: checking for pkg-config
configure:2919: found /usr/bin/pkg-config
configure:2931: result: /usr/bin/pkg-config
configure:2956: checking pkg-config is at least version 0.9.0
configure:2959: result: yes
configure:2970: checking for GTK
configure:2978: $PKG_CONFIG --exists --print-errors "gtk+-2.0 >= $GTK_REQUIRED_VERSION"
configure:2981: $? = 0
configure:2996: $PKG_CONFIG --exists --print-errors "gtk+-2.0 >= $GTK_REQUIRED_VERSION"
configure:2999: $? = 0
configure:3054: result: yes
configure:3119: checking for g++
configure:3135: found /usr/bin/g++
configure:3146: result: g++
configure:3173: checking for C++ compiler version
configure:3182: g++ --version >&5
g++ (Ubuntu 7.3.0-16ubuntu3) 7.3.0
Copyright (C) 2017 Free Software Foundation, Inc.
This is free software; see the source for copying conditions.  There is NO
warranty; not even for MERCHANTABILITY or FITNESS FOR A PARTICULAR PURPOSE.

configure:3193: $? = 0
configure:3182: g++ -v >&5
Using built-in specs.
COLLECT_GCC=g++
COLLECT_LTO_WRAPPER=/usr/lib/gcc/i686-linux-gnu/7/lto-wrapper
Target: i686-linux-gnu
Configured with: ../src/configure -v --with-pkgversion='Ubuntu 7.3.0-16ubuntu3' --with-bugurl=file:///usr/share/doc/gcc-7/README.Bugs --enable-languages=c,ada,c++,go,brig,d,fortran,objc,obj-c++ --prefix=/usr --with-gcc-major-version-only --with-as=/usr/bin/i686-linux-gnu-as --with-ld=/usr/bin/i686-linux-gnu-ld --program-suffix=-7 --program-prefix=i686-linux-gnu- --enable-shared --enable-linker-build-id --libexecdir=/usr/lib --without-included-gettext --enable-threads=posix --libdir=/usr/lib --enable-nls --with-sysroot=/ --enable-clocale=gnu --enable-libstdcxx-debug --enable-libstdcxx-time=yes --with-default-libstdcxx-abi=new --enable-gnu-unique-object --disable-vtable-verify --enable-libmpx --enable-plugin --enable-default-pie --with-system-zlib --with-target-system-zlib --enable-objc-gc=auto --enable-targets=all --enable-multiarch --disable-werror --with-arch-32=i686 --with-multilib-list=m32,m64,mx32 --enable-multilib --with-tune=generic --enable-checking=release --build=i686-linux-gnu --host=i686-linux-gnu --target=i686-linux-gnu
Thread model: posix
gcc version 7.3.0 (Ubuntu 7.3.0-16ubuntu3) 
configure:3193: $? = 0
configure:3182: g++ -V >&5
g++: error: unrecognized command line option '-V'
g++: fatal error: no input files
compilation terminated.
configure:3193: $? = 1
configure:3182: g++ -qversion >&5
g++: error: unrecognized command line option '-qversion'; did you mean '--version'?
g++: fatal error: no input files
compilation terminated.
configure:3193: $? = 1
configure:3215: checking for C++ compiler default output file name
configure:3237: g++    conftest.cpp  >&5
configure:3241: $? = 0
configure:3278: result: a.out
configure:3294: checking whether the C++ compiler works
configure:3303: ./a.out
configure:3307: $? = 0
configure:3322: result: yes
configure:3329: checking whether we are cross compiling
configure:3331: result: no
configure:3334: checking for suffix of executables
configure:3341: g++ -o conftest    conftest.cpp  >&5
configure:3345: $? = 0
configure:3367: result: 
configure:3373: checking for suffix of object files
configure:3395: g++ -c   conftest.cpp >&5
configure:3399: $? = 0
configure:3420: result: o
configure:3424: checking whether we are using the GNU C++ compiler
configure:3443: g++ -c   conftest.cpp >&5
configure:3443: $? = 0
configure:3452: result: yes
configure:3461: checking whether g++ accepts -g
configure:3481: g++ -c -g  conftest.cpp >&5
configure:3481: $? = 0
configure:3522: result: yes
configure:3556: checking for style of include used by make
configure:3584: result: GNU
configure:3609: checking dependency style of g++
configure:3719: result: gcc3
configure:3763: checking build system type
configure:3777: result: i686-pc-linux-gnu
configure:3797: checking host system type
configure:3810: result: i686-pc-linux-gnu
configure:3878: checking for gcc
configure:3894: found /usr/bin/gcc
configure:3905: result: gcc
configure:4134: checking for C compiler version
configure:4143: gcc --version >&5
gcc (Ubuntu 7.3.0-16ubuntu3) 7.3.0
Copyright (C) 2017 Free Software Foundation, Inc.
This is free software; see the source for copying conditions.  There is NO
warranty; not even for MERCHANTABILITY or FITNESS FOR A PARTICULAR PURPOSE.

configure:4154: $? = 0
configure:4143: gcc -v >&5
Using built-in specs.
COLLECT_GCC=gcc
COLLECT_LTO_WRAPPER=/usr/lib/gcc/i686-linux-gnu/7/lto-wrapper
Target: i686-linux-gnu
Configured with: ../src/configure -v --with-pkgversion='Ubuntu 7.3.0-16ubuntu3' --with-bugurl=file:///usr/share/doc/gcc-7/README.Bugs --enable-languages=c,ada,c++,go,brig,d,fortran,objc,obj-c++ --prefix=/usr --with-gcc-major-version-only --with-as=/usr/bin/i686-linux-gnu-as --with-ld=/usr/bin/i686-linux-gnu-ld --program-suffix=-7 --program-prefix=i686-linux-gnu- --enable-shared --enable-linker-build-id --libexecdir=/usr/lib --without-included-gettext --enable-threads=posix --libdir=/usr/lib --enable-nls --with-sysroot=/ --enable-clocale=gnu --enable-libstdcxx-debug --enable-libstdcxx-time=yes --with-default-libstdcxx-abi=new --enable-gnu-unique-object --disable-vtable-verify --enable-libmpx --enable-plugin --enable-default-pie --with-system-zlib --with-target-system-zlib --enable-objc-gc=auto --enable-targets=all --enable-multiarch --disable-werror --with-arch-32=i686 --with-multilib-list=m32,m64,mx32 --enable-multilib --with-tune=generic --enable-checking=release --build=i686-linux-gnu --host=i686-linux-gnu --target=i686-linux-gnu
Thread model: posix
gcc version 7.3.0 (Ubuntu 7.3.0-16ubuntu3) 
configure:4154: $? = 0
configure:4143: gcc -V >&5
gcc: error: unrecognized command line option '-V'
gcc: fatal error: no input files
compilation terminated.
configure:4154: $? = 1
configure:4143: gcc -qversion >&5
gcc: error: unrecognized command line option '-qversion'; did you mean '--version'?
gcc: fatal error: no input files
compilation terminated.
configure:4154: $? = 1
configure:4158: checking whether we are using the GNU C compiler
configure:4177: gcc -c   conftest.c >&5
configure:4177: $? = 0
configure:4186: result: yes
configure:4195: checking whether gcc accepts -g
configure:4215: gcc -c -g  conftest.c >&5
configure:4215: $? = 0
configure:4256: result: yes
configure:4273: checking for gcc option to accept ISO C89
configure:4337: gcc  -c -g -O2  conftest.c >&5
configure:4337: $? = 0
configure:4350: result: none needed
configure:4372: checking dependency style of gcc
configure:4482: result: gcc3
configure:4497: checking for a sed that does not truncate output
configure:4561: result: /bin/sed
configure:4579: checking for grep that handles long lines and -e
configure:4637: result: /bin/grep
configure:4642: checking for egrep
configure:4704: result: /bin/grep -E
configure:4709: checking for fgrep
configure:4771: result: /bin/grep -F
configure:4806: checking for ld used by gcc
configure:4873: result: /usr/bin/i686-linux-gnu-ld
configure:4880: checking if the linker (/usr/bin/i686-linux-gnu-ld) is GNU ld
configure:4895: result: yes
configure:4907: checking for BSD- or MS-compatible name lister (nm)
configure:4956: result: /usr/bin/nm -B
configure:5074: checking the name lister (/usr/bin/nm -B) interface
configure:5081: gcc -c -g -O2  conftest.c >&5
configure:5084: /usr/bin/nm -B "conftest.o"
configure:5087: output
00000000 B some_variable
configure:5094: result: BSD nm
configure:5097: checking whether ln -s works
configure:5101: result: yes
configure:5109: checking the maximum length of command line arguments
configure:5229: result: 1572864
configure:5246: checking whether the shell understands some XSI constructs
configure:5256: result: yes
configure:5260: checking whether the shell understands "+="
configure:5266: result: yes
configure:5301: checking for /usr/bin/i686-linux-gnu-ld option to reload object files
configure:5308: result: -r
configure:5377: checking for objdump
configure:5393: found /usr/bin/objdump
configure:5404: result: objdump
configure:5436: checking how to recognize dependent libraries
configure:5632: result: pass_all
configure:5692: checking for ar
configure:5708: found /usr/bin/ar
configure:5719: result: ar
configure:5797: checking for strip
configure:5813: found /usr/bin/strip
configure:5824: result: strip
configure:5896: checking for ranlib
configure:5912: found /usr/bin/ranlib
configure:5923: result: ranlib
configure:6013: checking command to parse /usr/bin/nm -B output from gcc object
configure:6131: gcc -c -g -O2  conftest.c >&5
configure:6134: $? = 0
configure:6138: /usr/bin/nm -B conftest.o \| sed -n -e 's/^.*[	 ]\([ABCDGIRSTW][ABCDGIRSTW]*\)[	 ][	 ]*\([_A-Za-z][_A-Za-z0-9]*\)$/\1 \2 \2/p' \> conftest.nm
configure:6141: $? = 0
configure:6195: gcc -o conftest -g -O2   conftest.c conftstm.o >&5
configure:6198: $? = 0
configure:6236: result: ok
configure:7045: checking how to run the C preprocessor
configure:7076: gcc -E  conftest.c
configure:7076: $? = 0
configure:7090: gcc -E  conftest.c
conftest.c:11:10: fatal error: ac_nonexistent.h: No such file or directory
 #include <ac_nonexistent.h>
          ^~~~~~~~~~~~~~~~~~
compilation terminated.
configure:7090: $? = 1
configure: failed program was:
| /* confdefs.h */
| #define PACKAGE_NAME ""
| #define PACKAGE_TARNAME ""
| #define PACKAGE_VERSION ""
| #define PACKAGE_STRING ""
| #define PACKAGE_BUGREPORT ""
| #define PACKAGE_URL ""
| #define PACKAGE "ftmenu"
| #define VERSION "0.4.0"
| /* end confdefs.h.  */
| #include <ac_nonexistent.h>
configure:7115: result: gcc -E
configure:7135: gcc -E  conftest.c
configure:7135: $? = 0
configure:7149: gcc -E  conftest.c
conftest.c:11:10: fatal error: ac_nonexistent.h: No such file or directory
 #include <ac_nonexistent.h>
          ^~~~~~~~~~~~~~~~~~
compilation terminated.
configure:7149: $? = 1
configure: failed program was:
| /* confdefs.h */
| #define PACKAGE_NAME ""
| #define PACKAGE_TARNAME ""
| #define PACKAGE_VERSION ""
| #define PACKAGE_STRING ""
| #define PACKAGE_BUGREPORT ""
| #define PACKAGE_URL ""
| #define PACKAGE "ftmenu"
| #define VERSION "0.4.0"
| /* end confdefs.h.  */
| #include <ac_nonexistent.h>
configure:7178: checking for ANSI C header files
configure:7198: gcc -c -g -O2  conftest.c >&5
configure:7198: $? = 0
configure:7271: gcc -o conftest -g -O2   conftest.c  >&5
configure:7271: $? = 0
configure:7271: ./conftest
configure:7271: $? = 0
configure:7282: result: yes
configure:7295: checking for sys/types.h
configure:7295: gcc -c -g -O2  conftest.c >&5
configure:7295: $? = 0
configure:7295: result: yes
configure:7295: checking for sys/stat.h
configure:7295: gcc -c -g -O2  conftest.c >&5
configure:7295: $? = 0
configure:7295: result: yes
configure:7295: checking for stdlib.h
configure:7295: gcc -c -g -O2  conftest.c >&5
configure:7295: $? = 0
configure:7295: result: yes
configure:7295: checking for string.h
configure:7295: gcc -c -g -O2  conftest.c >&5
configure:7295: $? = 0
configure:7295: result: yes
configure:7295: checking for memory.h
configure:7295: gcc -c -g -O2  conftest.c >&5
configure:7295: $? = 0
configure:7295: result: yes
configure:7295: checking for strings.h
configure:7295: gcc -c -g -O2  conftest.c >&5
configure:7295: $? = 0
configure:7295: result: yes
configure:7295: checking for inttypes.h
configure:7295: gcc -c -g -O2  conftest.c >&5
configure:7295: $? = 0
configure:7295: result: yes
configure:7295: checking for stdint.h
configure:7295: gcc -c -g -O2  conftest.c >&5
configure:7295: $? = 0
configure:7295: result: yes
configure:7295: checking for unistd.h
configure:7295: gcc -c -g -O2  conftest.c >&5
configure:7295: $? = 0
configure:7295: result: yes
configure:7310: checking for dlfcn.h
configure:7310: gcc -c -g -O2  conftest.c >&5
configure:7310: $? = 0
configure:7310: result: yes
configure:7435: checking for C++ compiler version
configure:7444: g++ --version >&5
g++ (Ubuntu 7.3.0-16ubuntu3) 7.3.0
Copyright (C) 2017 Free Software Foundation, Inc.
This is free software; see the source for copying conditions.  There is NO
warranty; not even for MERCHANTABILITY or FITNESS FOR A PARTICULAR PURPOSE.

configure:7455: $? = 0
configure:7444: g++ -v >&5
Using built-in specs.
COLLECT_GCC=g++
COLLECT_LTO_WRAPPER=/usr/lib/gcc/i686-linux-gnu/7/lto-wrapper
Target: i686-linux-gnu
Configured with: ../src/configure -v --with-pkgversion='Ubuntu 7.3.0-16ubuntu3' --with-bugurl=file:///usr/share/doc/gcc-7/README.Bugs --enable-languages=c,ada,c++,go,brig,d,fortran,objc,obj-c++ --prefix=/usr --with-gcc-major-version-only --with-as=/usr/bin/i686-linux-gnu-as --with-ld=/usr/bin/i686-linux-gnu-ld --program-suffix=-7 --program-prefix=i686-linux-gnu- --enable-shared --enable-linker-build-id --libexecdir=/usr/lib --without-included-gettext --enable-threads=posix --libdir=/usr/lib --enable-nls --with-sysroot=/ --enable-clocale=gnu --enable-libstdcxx-debug --enable-libstdcxx-time=yes --with-default-libstdcxx-abi=new --enable-gnu-unique-object --disable-vtable-verify --enable-libmpx --enable-plugin --enable-default-pie --with-system-zlib --with-target-system-zlib --enable-objc-gc=auto --enable-targets=all --enable-multiarch --disable-werror --with-arch-32=i686 --with-multilib-list=m32,m64,mx32 --enable-multilib --with-tune=generic --enable-checking=release --build=i686-linux-gnu --host=i686-linux-gnu --target=i686-linux-gnu
Thread model: posix
gcc version 7.3.0 (Ubuntu 7.3.0-16ubuntu3) 
configure:7455: $? = 0
configure:7444: g++ -V >&5
g++: error: unrecognized command line option '-V'
g++: fatal error: no input files
compilation terminated.
configure:7455: $? = 1
configure:7444: g++ -qversion >&5
g++: error: unrecognized command line option '-qversion'; did you mean '--version'?
g++: fatal error: no input files
compilation terminated.
configure:7455: $? = 1
configure:7459: checking whether we are using the GNU C++ compiler
configure:7487: result: yes
configure:7496: checking whether g++ accepts -g
configure:7557: result: yes
configure:7582: checking dependency style of g++
configure:7692: result: gcc3
configure:7715: checking how to run the C++ preprocessor
configure:7742: g++ -E  conftest.cpp
configure:7742: $? = 0
configure:7756: g++ -E  conftest.cpp
conftest.cpp:22:10: fatal error: ac_nonexistent.h: No such file or directory
 #include <ac_nonexistent.h>
          ^~~~~~~~~~~~~~~~~~
compilation terminated.
configure:7756: $? = 1
configure: failed program was:
| /* confdefs.h */
| #define PACKAGE_NAME ""
| #define PACKAGE_TARNAME ""
| #define PACKAGE_VERSION ""
| #define PACKAGE_STRING ""
| #define PACKAGE_BUGREPORT ""
| #define PACKAGE_URL ""
| #define PACKAGE "ftmenu"
| #define VERSION "0.4.0"
| #define STDC_HEADERS 1
| #define HAVE_SYS_TYPES_H 1
| #define HAVE_SYS_STAT_H 1
| #define HAVE_STDLIB_H 1
| #define HAVE_STRING_H 1
| #define HAVE_MEMORY_H 1
| #define HAVE_STRINGS_H 1
| #define HAVE_INTTYPES_H 1
| #define HAVE_STDINT_H 1
| #define HAVE_UNISTD_H 1
| #define HAVE_DLFCN_H 1
| /* end confdefs.h.  */
| #include <ac_nonexistent.h>
configure:7781: result: g++ -E
configure:7801: g++ -E  conftest.cpp
configure:7801: $? = 0
configure:7815: g++ -E  conftest.cpp
conftest.cpp:22:10: fatal error: ac_nonexistent.h: No such file or directory
 #include <ac_nonexistent.h>
          ^~~~~~~~~~~~~~~~~~
compilation terminated.
configure:7815: $? = 1
configure: failed program was:
| /* confdefs.h */
| #define PACKAGE_NAME ""
| #define PACKAGE_TARNAME ""
| #define PACKAGE_VERSION ""
| #define PACKAGE_STRING ""
| #define PACKAGE_BUGREPORT ""
| #define PACKAGE_URL ""
| #define PACKAGE "ftmenu"
| #define VERSION "0.4.0"
| #define STDC_HEADERS 1
| #define HAVE_SYS_TYPES_H 1
| #define HAVE_SYS_STAT_H 1
| #define HAVE_STDLIB_H 1
| #define HAVE_STRING_H 1
| #define HAVE_MEMORY_H 1
| #define HAVE_STRINGS_H 1
| #define HAVE_INTTYPES_H 1
| #define HAVE_STDINT_H 1
| #define HAVE_UNISTD_H 1
| #define HAVE_DLFCN_H 1
| /* end confdefs.h.  */
| #include <ac_nonexistent.h>
configure:8021: checking for objdir
configure:8036: result: .libs
configure:8328: checking if gcc supports -fno-rtti -fno-exceptions
configure:8346: gcc -c -g -O2  -fno-rtti -fno-exceptions conftest.c >&5
cc1: warning: command line option '-fno-rtti' is valid for C++/ObjC++ but not for C
configure:8350: $? = 0
configure:8363: result: no
configure:8383: checking for gcc option to produce PIC
configure:8655: result: -fPIC -DPIC
configure:8667: checking if gcc PIC flag -fPIC -DPIC works
configure:8685: gcc -c -g -O2  -fPIC -DPIC -DPIC conftest.c >&5
configure:8689: $? = 0
configure:8702: result: yes
configure:8726: checking if gcc static flag -static works
configure:8754: result: yes
configure:8769: checking if gcc supports -c -o file.o
configure:8790: gcc -c -g -O2  -o out/conftest2.o conftest.c >&5
configure:8794: $? = 0
configure:8816: result: yes
configure:8824: checking if gcc supports -c -o file.o
configure:8871: result: yes
configure:8904: checking whether the gcc linker (/usr/bin/i686-linux-gnu-ld) supports shared libraries
configure:9894: result: yes
configure:9931: checking whether -lc should be explicitly linked in
configure:9936: gcc -c -g -O2  conftest.c >&5
configure:9939: $? = 0
configure:9954: gcc -shared conftest.o  -v -Wl,-soname -Wl,conftest -o conftest 2\>\&1 \| /bin/grep  -lc  \>/dev/null 2\>\&1
configure:9957: $? = 0
configure:9969: result: no
configure:10133: checking dynamic linker characteristics
configure:10566: gcc -o conftest -g -O2   -Wl,-rpath -Wl,/foo conftest.c  >&5
configure:10566: $? = 0
configure:10796: result: GNU/Linux ld.so
configure:10898: checking how to hardcode library paths into programs
configure:10923: result: immediate
configure:11443: checking whether stripping libraries is possible
configure:11448: result: yes
configure:11483: checking if libtool supports shared libraries
configure:11485: result: yes
configure:11488: checking whether to build shared libraries
configure:11509: result: yes
configure:11512: checking whether to build static libraries
configure:11516: result: yes
configure:11666: checking for ld used by g++
configure:11733: result: /usr/bin/i686-linux-gnu-ld
configure:11740: checking if the linker (/usr/bin/i686-linux-gnu-ld) is GNU ld
configure:11755: result: yes
configure:11810: checking whether the g++ linker (/usr/bin/i686-linux-gnu-ld) supports shared libraries
configure:12723: result: yes
configure:12751: g++ -c -g -O2  conftest.cpp >&5
configure:12754: $? = 0
configure:12936: checking for g++ option to produce PIC
configure:13253: result: -fPIC -DPIC
configure:13262: checking if g++ PIC flag -fPIC -DPIC works
configure:13280: g++ -c -g -O2  -fPIC -DPIC -DPIC conftest.cpp >&5
configure:13284: $? = 0
configure:13297: result: yes
configure:13318: checking if g++ static flag -static works
configure:13346: result: yes
configure:13358: checking if g++ supports -c -o file.o
configure:13379: g++ -c -g -O2  -o out/conftest2.o conftest.cpp >&5
configure:13383: $? = 0
configure:13405: result: yes
configure:13410: checking if g++ supports -c -o file.o
configure:13457: result: yes
configure:13487: checking whether the g++ linker (/usr/bin/i686-linux-gnu-ld) supports shared libraries
configure:13516: result: yes
configure:13653: checking dynamic linker characteristics
configure:14034: g++ -o conftest -g -O2   -Wl,-rpath -Wl,/foo conftest.cpp  >&5
configure:14034: $? = 0
configure:14264: result: GNU/Linux ld.so
configure:14315: checking how to hardcode library paths into programs
configure:14340: result: immediate
configure:14563: creating ./config.status

## ---------------------- ##
## Running config.status. ##
## ---------------------- ##

This file was extended by config.status, which was
generated by GNU Autoconf 2.64.  Invocation command line was

  CONFIG_FILES    = 
  CONFIG_HEADERS  = 
  CONFIG_LINKS    = 
  CONFIG_COMMANDS = 
  $ ./config.status 

on Dell-Inspiron-1750

config.status:1050: creating Makefile
config.status:1050: creating src/Makefile
config.status:1213: executing depfiles commands
config.status:1213: executing libtool commands

## ---------------- ##
## Cache variables. ##
## ---------------- ##

ac_cv_build=i686-pc-linux-gnu
ac_cv_c_compiler_gnu=yes
ac_cv_cxx_compiler_gnu=yes
ac_cv_env_CCC_set=
ac_cv_env_CCC_value=
ac_cv_env_CC_set=
ac_cv_env_CC_value=
ac_cv_env_CFLAGS_set=
ac_cv_env_CFLAGS_value=
ac_cv_env_CPPFLAGS_set=
ac_cv_env_CPPFLAGS_value=
ac_cv_env_CPP_set=
ac_cv_env_CPP_value=
ac_cv_env_CXXCPP_set=
ac_cv_env_CXXCPP_value=
ac_cv_env_CXXFLAGS_set=
ac_cv_env_CXXFLAGS_value=
ac_cv_env_CXX_set=
ac_cv_env_CXX_value=
ac_cv_env_GTK_CFLAGS_set=
ac_cv_env_GTK_CFLAGS_value=
ac_cv_env_GTK_LIBS_set=
ac_cv_env_GTK_LIBS_value=
ac_cv_env_LDFLAGS_set=
ac_cv_env_LDFLAGS_value=
ac_cv_env_LIBS_set=
ac_cv_env_LIBS_value=
ac_cv_env_PKG_CONFIG_set=
ac_cv_env_PKG_CONFIG_value=
ac_cv_env_build_alias_set=
ac_cv_env_build_alias_value=
ac_cv_env_host_alias_set=
ac_cv_env_host_alias_value=
ac_cv_env_target_alias_set=
ac_cv_env_target_alias_value=
ac_cv_header_dlfcn_h=yes
ac_cv_header_inttypes_h=yes
ac_cv_header_memory_h=yes
ac_cv_header_stdc=yes
ac_cv_header_stdint_h=yes
ac_cv_header_stdlib_h=yes
ac_cv_header_string_h=yes
ac_cv_header_strings_h=yes
ac_cv_header_sys_stat_h=yes
ac_cv_header_sys_types_h=yes
ac_cv_header_unistd_h=yes
ac_cv_host=i686-pc-linux-gnu
ac_cv_objext=o
ac_cv_path_EGREP='/bin/grep -E'
ac_cv_path_FGREP='/bin/grep -F'
ac_cv_path_GREP=/bin/grep
ac_cv_path_SED=/bin/sed
ac_cv_path_ac_pt_PKG_CONFIG=/usr/bin/pkg-config
ac_cv_path_install='/usr/bin/install -c'
ac_cv_path_mkdir=/bin/mkdir
ac_cv_prog_AWK=gawk
ac_cv_prog_CPP='gcc -E'
ac_cv_prog_CXXCPP='g++ -E'
ac_cv_prog_ac_ct_AR=ar
ac_cv_prog_ac_ct_CC=gcc
ac_cv_prog_ac_ct_CXX=g++
ac_cv_prog_ac_ct_OBJDUMP=objdump
ac_cv_prog_ac_ct_RANLIB=ranlib
ac_cv_prog_ac_ct_STRIP=strip
ac_cv_prog_cc_c89=
ac_cv_prog_cc_g=yes
ac_cv_prog_cxx_g=yes
ac_cv_prog_make_make_set=yes
am_cv_CC_dependencies_compiler_type=gcc3
am_cv_CXX_dependencies_compiler_type=gcc3
lt_cv_deplibs_check_method=pass_all
lt_cv_file_magic_cmd='$MAGIC_CMD'
lt_cv_file_magic_test_file=
lt_cv_ld_reload_flag=-r
lt_cv_nm_interface='BSD nm'
lt_cv_objdir=.libs
lt_cv_path_LD=/usr/bin/i686-linux-gnu-ld
lt_cv_path_LDCXX=/usr/bin/i686-linux-gnu-ld
lt_cv_path_NM='/usr/bin/nm -B'
lt_cv_prog_compiler_c_o=yes
lt_cv_prog_compiler_c_o_CXX=yes
lt_cv_prog_compiler_pic_works=yes
lt_cv_prog_compiler_pic_works_CXX=yes
lt_cv_prog_compiler_rtti_exceptions=no
lt_cv_prog_compiler_static_works=yes
lt_cv_prog_compiler_static_works_CXX=yes
lt_cv_prog_gnu_ld=yes
lt_cv_prog_gnu_ldcxx=yes
lt_cv_sys_global_symbol_pipe='sed -n -e '\''s/^.*[	 ]\([ABCDGIRSTW][ABCDGIRSTW]*\)[	 ][	 ]*\([_A-Za-z][_A-Za-z0-9]*\)$/\1 \2 \2/p'\'''
lt_cv_sys_global_symbol_to_c_name_address='sed -n -e '\''s/^: \([^ ]*\) $/  {\"\1\", (void *) 0},/p'\'' -e '\''s/^[ABCDGIRSTW]* \([^ ]*\) \([^ ]*\)$/  {"\2", (void *) \&\2},/p'\'''
lt_cv_sys_global_symbol_to_c_name_address_lib_prefix='sed -n -e '\''s/^: \([^ ]*\) $/  {\"\1\", (void *) 0},/p'\'' -e '\''s/^[ABCDGIRSTW]* \([^ ]*\) \(lib[^ ]*\)$/  {"\2", (void *) \&\2},/p'\'' -e '\''s/^[ABCDGIRSTW]* \([^ ]*\) \([^ ]*\)$/  {"lib\2", (void *) \&\2},/p'\'''
lt_cv_sys_global_symbol_to_cdecl='sed -n -e '\''s/^T .* \(.*\)$/extern int \1();/p'\'' -e '\''s/^[ABCDGIRSTW]* .* \(.*\)$/extern char \1;/p'\'''
lt_cv_sys_max_cmd_len=1572864
pkg_cv_GTK_CFLAGS='-pthread -I/usr/include/gtk-2.0 -I/usr/lib/i386-linux-gnu/gtk-2.0/include -I/usr/include/gio-unix-2.0/ -I/usr/include/cairo -I/usr/include/pango-1.0 -I/usr/include/atk-1.0 -I/usr/include/cairo -I/usr/include/pixman-1 -I/usr/include/gdk-pixbuf-2.0 -I/usr/include/libpng16 -I/usr/include/pango-1.0 -I/usr/include/harfbuzz -I/usr/include/pango-1.0 -I/usr/include/glib-2.0 -I/usr/lib/i386-linux-gnu/glib-2.0/include -I/usr/include/freetype2 -I/usr/include/libpng16 -I/usr/include/freetype2 -I/usr/include/libpng16'
pkg_cv_GTK_LIBS='-lgtk-x11-2.0 -lgdk-x11-2.0 -lpangocairo-1.0 -latk-1.0 -lcairo -lgdk_pixbuf-2.0 -lgio-2.0 -lpangoft2-1.0 -lpango-1.0 -lgobject-2.0 -lglib-2.0 -lfontconfig -lfreetype'

## ----------------- ##
## Output variables. ##
## ----------------- ##

ACLOCAL='${SHELL} /home/wachin/Dropbox/UbuntuManuales/FluxBox/ftmenu/ftmenu-0.4.0/missing --run aclocal-1.11'
AMDEPBACKSLASH='\'
AMDEP_FALSE='#'
AMDEP_TRUE=''
AMTAR='${SHELL} /home/wachin/Dropbox/UbuntuManuales/FluxBox/ftmenu/ftmenu-0.4.0/missing --run tar'
AR='ar'
AUTOCONF='${SHELL} /home/wachin/Dropbox/UbuntuManuales/FluxBox/ftmenu/ftmenu-0.4.0/missing --run autoconf'
AUTOHEADER='${SHELL} /home/wachin/Dropbox/UbuntuManuales/FluxBox/ftmenu/ftmenu-0.4.0/missing --run autoheader'
AUTOMAKE='${SHELL} /home/wachin/Dropbox/UbuntuManuales/FluxBox/ftmenu/ftmenu-0.4.0/missing --run automake-1.11'
AWK='gawk'
CC='gcc'
CCDEPMODE='depmode=gcc3'
CFLAGS='-g -O2'
CPP='gcc -E'
CPPFLAGS=''
CXX='g++'
CXXCPP='g++ -E'
CXXDEPMODE='depmode=gcc3'
CXXFLAGS='-g -O2'
CYGPATH_W='echo'
DEFS='-DPACKAGE_NAME=\"\" -DPACKAGE_TARNAME=\"\" -DPACKAGE_VERSION=\"\" -DPACKAGE_STRING=\"\" -DPACKAGE_BUGREPORT=\"\" -DPACKAGE_URL=\"\" -DPACKAGE=\"ftmenu\" -DVERSION=\"0.4.0\" -DSTDC_HEADERS=1 -DHAVE_SYS_TYPES_H=1 -DHAVE_SYS_STAT_H=1 -DHAVE_STDLIB_H=1 -DHAVE_STRING_H=1 -DHAVE_MEMORY_H=1 -DHAVE_STRINGS_H=1 -DHAVE_INTTYPES_H=1 -DHAVE_STDINT_H=1 -DHAVE_UNISTD_H=1 -DHAVE_DLFCN_H=1 -DLT_OBJDIR=\".libs/\"'
DEPDIR='.deps'
DSYMUTIL=''
DUMPBIN=''
ECHO_C=''
ECHO_N='-n'
ECHO_T=''
EGREP='/bin/grep -E'
EXEEXT=''
FGREP='/bin/grep -F'
GREP='/bin/grep'
GTK_CFLAGS='-pthread -I/usr/include/gtk-2.0 -I/usr/lib/i386-linux-gnu/gtk-2.0/include -I/usr/include/gio-unix-2.0/ -I/usr/include/cairo -I/usr/include/pango-1.0 -I/usr/include/atk-1.0 -I/usr/include/cairo -I/usr/include/pixman-1 -I/usr/include/gdk-pixbuf-2.0 -I/usr/include/libpng16 -I/usr/include/pango-1.0 -I/usr/include/harfbuzz -I/usr/include/pango-1.0 -I/usr/include/glib-2.0 -I/usr/lib/i386-linux-gnu/glib-2.0/include -I/usr/include/freetype2 -I/usr/include/libpng16 -I/usr/include/freetype2 -I/usr/include/libpng16'
GTK_LIBS='-lgtk-x11-2.0 -lgdk-x11-2.0 -lpangocairo-1.0 -latk-1.0 -lcairo -lgdk_pixbuf-2.0 -lgio-2.0 -lpangoft2-1.0 -lpango-1.0 -lgobject-2.0 -lglib-2.0 -lfontconfig -lfreetype'
INSTALL_DATA='${INSTALL} -m 644'
INSTALL_PROGRAM='${INSTALL}'
INSTALL_SCRIPT='${INSTALL}'
INSTALL_STRIP_PROGRAM='$(install_sh) -c -s'
LD='/usr/bin/i686-linux-gnu-ld'
LDFLAGS=''
LIBOBJS=''
LIBS=''
LIBTOOL='$(SHELL) $(top_builddir)/libtool'
LIPO=''
LN_S='ln -s'
LTLIBOBJS=''
MAKEINFO='${SHELL} /home/wachin/Dropbox/UbuntuManuales/FluxBox/ftmenu/ftmenu-0.4.0/missing --run makeinfo'
MKDIR_P='/bin/mkdir -p'
NM='/usr/bin/nm -B'
NMEDIT=''
OBJDUMP='objdump'
OBJEXT='o'
OTOOL64=''
OTOOL=''
PACKAGE='ftmenu'
PACKAGE_BUGREPORT=''
PACKAGE_NAME=''
PACKAGE_STRING=''
PACKAGE_TARNAME=''
PACKAGE_URL=''
PACKAGE_VERSION=''
PATH_SEPARATOR=':'
PKG_CONFIG='/usr/bin/pkg-config'
RANLIB='ranlib'
SED='/bin/sed'
SET_MAKE=''
SHELL='/bin/bash'
STRIP='strip'
VERSION='0.4.0'
ac_ct_CC='gcc'
ac_ct_CXX='g++'
ac_ct_DUMPBIN=''
am__EXEEXT_FALSE=''
am__EXEEXT_TRUE='#'
am__fastdepCC_FALSE='#'
am__fastdepCC_TRUE=''
am__fastdepCXX_FALSE='#'
am__fastdepCXX_TRUE=''
am__include='include'
am__isrc=''
am__leading_dot='.'
am__quote=''
am__tar='${AMTAR} chof - "$$tardir"'
am__untar='${AMTAR} xf -'
bindir='${exec_prefix}/bin'
build='i686-pc-linux-gnu'
build_alias=''
build_cpu='i686'
build_os='linux-gnu'
build_vendor='pc'
datadir='${datarootdir}'
datarootdir='${prefix}/share'
docdir='${datarootdir}/doc/${PACKAGE}'
dvidir='${docdir}'
exec_prefix='${prefix}'
host='i686-pc-linux-gnu'
host_alias=''
host_cpu='i686'
host_os='linux-gnu'
host_vendor='pc'
htmldir='${docdir}'
includedir='${prefix}/include'
infodir='${datarootdir}/info'
install_sh='${SHELL} /home/wachin/Dropbox/UbuntuManuales/FluxBox/ftmenu/ftmenu-0.4.0/install-sh'
libdir='${exec_prefix}/lib'
libexecdir='${exec_prefix}/libexec'
localedir='${datarootdir}/locale'
localstatedir='${prefix}/var'
lt_ECHO='echo'
mandir='${datarootdir}/man'
mkdir_p='/bin/mkdir -p'
oldincludedir='/usr/include'
pdfdir='${docdir}'
prefix='/usr/local'
program_transform_name='s,x,x,'
psdir='${docdir}'
sbindir='${exec_prefix}/sbin'
sharedstatedir='${prefix}/com'
sysconfdir='${prefix}/etc'
target_alias=''

## ----------- ##
## confdefs.h. ##
## ----------- ##

/* confdefs.h */
#define PACKAGE_NAME ""
#define PACKAGE_TARNAME ""
#define PACKAGE_VERSION ""
#define PACKAGE_STRING ""
#define PACKAGE_BUGREPORT ""
#define PACKAGE_URL ""
#define PACKAGE "ftmenu"
#define VERSION "0.4.0"
#define STDC_HEADERS 1
#define HAVE_SYS_TYPES_H 1
#define HAVE_SYS_STAT_H 1
#define HAVE_STDLIB_H 1
#define HAVE_STRING_H 1
#define HAVE_MEMORY_H 1
#define HAVE_STRINGS_H 1
#define HAVE_INTTYPES_H 1
#define HAVE_STDINT_H 1
#define HAVE_UNISTD_H 1
#define HAVE_DLFCN_H 1
#define LT_OBJDIR ".libs/"

configure: exit 0
